<?xml version="1.0" encoding="UTF-8"?>
<Site BuildName="(empty)"
	BuildStamp="20200816-1510-Experimental"
	Name="PhanTruong"
	Generator="ctest-3.10.2"
	CompilerName="/usr/bin/c++"
	CompilerVersion="7.5.0"
	OSName="Linux"
	Hostname="PhanTruong"
	OSRelease="5.4.0-42-generic"
	OSVersion="#46~18.04.1-Ubuntu SMP Fri Jul 10 07:21:24 UTC 2020"
	OSPlatform="x86_64"
	Is64Bits="1"
	VendorString="GenuineIntel"
	VendorID="Intel Corporation"
	FamilyID="6"
	ModelID="60"
	ProcessorCacheSize="6144"
	NumberOfLogicalCPU="8"
	NumberOfPhysicalCPU="4"
	TotalVirtualMemory="2047"
	TotalPhysicalMemory="15892"
	LogicalProcessorsPerPhysical="2"
	ProcessorClockFrequency="3227.07"
	>
	<Testing>
		<StartDateTime>Aug 16 22:10 +07</StartDateTime>
		<StartTestTime>1597590640</StartTestTime>
		<TestList/>
		<EndDateTime>Aug 16 22:10 +07</EndDateTime>
		<EndTestTime>1597590640</EndTestTime>
		<ElapsedMinutes>0</ElapsedMinutes>
	</Testing>
</Site>
